{"D:\\Programacion\\E-commerce\\server\\src\\tests\\context.ts": {"path":"D:\\Programacion\\E-commerce\\server\\src\\tests\\context.ts","statementMap":{"0":{"start":{"line":2,"column":0},"end":{"line":2,"column":61}},"1":{"start":{"line":12,"column":33},"end":{"line":16,"column":1}},"2":{"start":{"line":13,"column":2},"end":{"line":15,"column":4}},"3":{"start":{"line":12,"column":13},"end":{"line":12,"column":33}}},"fnMap":{"0":{"name":"(anonymous_0)","decl":{"start":{"line":12,"column":33},"end":{"line":12,"column":49}},"loc":{"start":{"line":12,"column":51},"end":{"line":16,"column":1}}}},"branchMap":{},"s":{"0":2,"1":2,"2":13,"3":2},"f":{"0":13},"b":{}}
,"D:\\Programacion\\E-commerce\\server\\src\\tests\\product-functions.ts": {"path":"D:\\Programacion\\E-commerce\\server\\src\\tests\\product-functions.ts","statementMap":{"0":{"start":{"line":14,"column":29},"end":{"line":36,"column":2}},"1":{"start":{"line":18,"column":4},"end":{"line":36,"column":2}},"2":{"start":{"line":19,"column":2},"end":{"line":35,"column":null}},"3":{"start":{"line":20,"column":27},"end":{"line":30,"column":6}},"4":{"start":{"line":32,"column":4},"end":{"line":32,"column":67}},"5":{"start":{"line":34,"column":4},"end":{"line":34,"column":48}},"6":{"start":{"line":14,"column":13},"end":{"line":14,"column":29}},"7":{"start":{"line":43,"column":30},"end":{"line":59,"column":2}},"8":{"start":{"line":43,"column":75},"end":{"line":59,"column":2}},"9":{"start":{"line":44,"column":2},"end":{"line":58,"column":null}},"10":{"start":{"line":45,"column":24},"end":{"line":47,"column":6}},"11":{"start":{"line":49,"column":4},"end":{"line":51,"column":null}},"12":{"start":{"line":50,"column":6},"end":{"line":50,"column":43}},"13":{"start":{"line":53,"column":4},"end":{"line":55,"column":6}},"14":{"start":{"line":57,"column":4},"end":{"line":57,"column":38}},"15":{"start":{"line":43,"column":13},"end":{"line":43,"column":30}},"16":{"start":{"line":70,"column":29},"end":{"line":93,"column":2}},"17":{"start":{"line":70,"column":76},"end":{"line":93,"column":2}},"18":{"start":{"line":71,"column":2},"end":{"line":92,"column":null}},"19":{"start":{"line":72,"column":27},"end":{"line":81,"column":6}},"20":{"start":{"line":83,"column":4},"end":{"line":85,"column":null}},"21":{"start":{"line":84,"column":6},"end":{"line":84,"column":48}},"22":{"start":{"line":87,"column":4},"end":{"line":89,"column":6}},"23":{"start":{"line":91,"column":4},"end":{"line":91,"column":38}},"24":{"start":{"line":70,"column":13},"end":{"line":70,"column":29}},"25":{"start":{"line":104,"column":29},"end":{"line":122,"column":2}},"26":{"start":{"line":104,"column":76},"end":{"line":122,"column":2}},"27":{"start":{"line":105,"column":2},"end":{"line":121,"column":null}},"28":{"start":{"line":106,"column":27},"end":{"line":110,"column":6}},"29":{"start":{"line":112,"column":4},"end":{"line":114,"column":null}},"30":{"start":{"line":113,"column":6},"end":{"line":113,"column":78}},"31":{"start":{"line":116,"column":4},"end":{"line":118,"column":6}},"32":{"start":{"line":120,"column":4},"end":{"line":120,"column":38}},"33":{"start":{"line":104,"column":13},"end":{"line":104,"column":29}}},"fnMap":{"0":{"name":"(anonymous_7)","decl":{"start":{"line":14,"column":29},"end":{"line":14,"column":null}},"loc":{"start":{"line":18,"column":4},"end":{"line":36,"column":2}}},"1":{"name":"(anonymous_8)","decl":{"start":{"line":18,"column":4},"end":{"line":18,"column":null}},"loc":{"start":{"line":18,"column":4},"end":{"line":36,"column":1}}},"2":{"name":"(anonymous_9)","decl":{"start":{"line":43,"column":30},"end":{"line":43,"column":37}},"loc":{"start":{"line":43,"column":75},"end":{"line":59,"column":2}}},"3":{"name":"(anonymous_10)","decl":{"start":{"line":43,"column":75},"end":{"line":43,"column":null}},"loc":{"start":{"line":43,"column":75},"end":{"line":59,"column":1}}},"4":{"name":"(anonymous_11)","decl":{"start":{"line":70,"column":29},"end":{"line":70,"column":36}},"loc":{"start":{"line":70,"column":76},"end":{"line":93,"column":2}}},"5":{"name":"(anonymous_12)","decl":{"start":{"line":70,"column":76},"end":{"line":70,"column":null}},"loc":{"start":{"line":70,"column":76},"end":{"line":93,"column":1}}},"6":{"name":"(anonymous_13)","decl":{"start":{"line":104,"column":29},"end":{"line":104,"column":36}},"loc":{"start":{"line":104,"column":76},"end":{"line":122,"column":2}}},"7":{"name":"(anonymous_14)","decl":{"start":{"line":104,"column":76},"end":{"line":104,"column":null}},"loc":{"start":{"line":104,"column":76},"end":{"line":122,"column":1}}}},"branchMap":{"0":{"loc":{"start":{"line":19,"column":2},"end":{"line":35,"column":null}},"type":"if","locations":[{"start":{"line":19,"column":2},"end":{"line":35,"column":null}},{"start":{"line":33,"column":9},"end":{"line":35,"column":null}}]},"1":{"loc":{"start":{"line":49,"column":4},"end":{"line":51,"column":null}},"type":"if","locations":[{"start":{"line":49,"column":4},"end":{"line":51,"column":null}}]},"2":{"loc":{"start":{"line":83,"column":4},"end":{"line":85,"column":null}},"type":"if","locations":[{"start":{"line":83,"column":4},"end":{"line":85,"column":null}}]},"3":{"loc":{"start":{"line":112,"column":4},"end":{"line":114,"column":null}},"type":"if","locations":[{"start":{"line":112,"column":4},"end":{"line":114,"column":null}}]}},"s":{"0":1,"1":2,"2":2,"3":1,"4":1,"5":1,"6":1,"7":1,"8":2,"9":2,"10":2,"11":1,"12":0,"13":1,"14":1,"15":1,"16":1,"17":2,"18":2,"19":2,"20":1,"21":0,"22":1,"23":1,"24":1,"25":1,"26":2,"27":2,"28":2,"29":1,"30":0,"31":1,"32":1,"33":1},"f":{"0":2,"1":2,"2":2,"3":2,"4":2,"5":2,"6":2,"7":2},"b":{"0":[1,1],"1":[0],"2":[0],"3":[0]}}
,"D:\\Programacion\\E-commerce\\server\\src\\tests\\user-functions.ts": {"path":"D:\\Programacion\\E-commerce\\server\\src\\tests\\user-functions.ts","statementMap":{"0":{"start":{"line":2,"column":15},"end":{"line":2,"column":34}},"1":{"start":{"line":3,"column":12},"end":{"line":3,"column":35}},"2":{"start":{"line":4,"column":0},"end":{"line":4,"column":32}},"3":{"start":{"line":5,"column":0},"end":{"line":5,"column":9}},"4":{"start":{"line":21,"column":2},"end":{"line":37,"column":null}},"5":{"start":{"line":22,"column":24},"end":{"line":32,"column":6}},"6":{"start":{"line":34,"column":4},"end":{"line":34,"column":43}},"7":{"start":{"line":36,"column":4},"end":{"line":36,"column":50}},"8":{"start":{"line":16,"column":0},"end":{"line":16,"column":22}},"9":{"start":{"line":46,"column":2},"end":{"line":83,"column":null}},"10":{"start":{"line":47,"column":24},"end":{"line":49,"column":6}},"11":{"start":{"line":51,"column":4},"end":{"line":53,"column":null}},"12":{"start":{"line":52,"column":6},"end":{"line":52,"column":40}},"13":{"start":{"line":55,"column":23},"end":{"line":55,"column":63}},"14":{"start":{"line":57,"column":28},"end":{"line":57,"column":73}},"15":{"start":{"line":59,"column":4},"end":{"line":61,"column":null}},"16":{"start":{"line":60,"column":6},"end":{"line":60,"column":43}},"17":{"start":{"line":63,"column":18},"end":{"line":68,"column":null}},"18":{"start":{"line":71,"column":4},"end":{"line":80,"column":6}},"19":{"start":{"line":82,"column":4},"end":{"line":82,"column":57}},"20":{"start":{"line":45,"column":0},"end":{"line":45,"column":22}}},"fnMap":{"0":{"name":"createUser","decl":{"start":{"line":16,"column":22},"end":{"line":16,"column":32}},"loc":{"start":{"line":19,"column":14},"end":{"line":38,"column":null}}},"1":{"name":"getUser","decl":{"start":{"line":45,"column":22},"end":{"line":45,"column":29}},"loc":{"start":{"line":45,"column":57},"end":{"line":84,"column":null}}}},"branchMap":{"0":{"loc":{"start":{"line":21,"column":2},"end":{"line":37,"column":null}},"type":"if","locations":[{"start":{"line":21,"column":2},"end":{"line":37,"column":null}},{"start":{"line":35,"column":9},"end":{"line":37,"column":null}}]},"1":{"loc":{"start":{"line":51,"column":4},"end":{"line":53,"column":null}},"type":"if","locations":[{"start":{"line":51,"column":4},"end":{"line":53,"column":null}}]},"2":{"loc":{"start":{"line":59,"column":4},"end":{"line":61,"column":null}},"type":"if","locations":[{"start":{"line":59,"column":4},"end":{"line":61,"column":null}}]}},"s":{"0":1,"1":1,"2":1,"3":1,"4":2,"5":1,"6":1,"7":1,"8":1,"9":3,"10":3,"11":1,"12":0,"13":1,"14":1,"15":1,"16":0,"17":1,"18":1,"19":2,"20":1},"f":{"0":2,"1":3},"b":{"0":[1,1],"1":[0],"2":[0]}}
}
