{"D:\\Programacion\\E-commerce\\server\\index.ts": {"path":"D:\\Programacion\\E-commerce\\server\\index.ts","statementMap":{"0":{"start":{"line":2,"column":0},"end":{"line":2,"column":30}},"1":{"start":{"line":3,"column":0},"end":{"line":3,"column":37}},"2":{"start":{"line":5,"column":0},"end":{"line":5,"column":44}},"3":{"start":{"line":7,"column":21},"end":{"line":7,"column":30}},"4":{"start":{"line":9,"column":13},"end":{"line":9,"column":17}},"5":{"start":{"line":11,"column":0},"end":{"line":11,"column":27}},"6":{"start":{"line":12,"column":0},"end":{"line":12,"column":51}},"7":{"start":{"line":14,"column":0},"end":{"line":14,"column":30}},"8":{"start":{"line":16,"column":0},"end":{"line":18,"column":3}},"9":{"start":{"line":17,"column":2},"end":{"line":17,"column":40}},"10":{"start":{"line":20,"column":0},"end":{"line":20,"column":19}}},"fnMap":{"0":{"name":"(anonymous_1)","decl":{"start":{"line":16,"column":17},"end":{"line":16,"column":20}},"loc":{"start":{"line":16,"column":22},"end":{"line":18,"column":1}}}},"branchMap":{},"s":{"0":1,"1":1,"2":1,"3":1,"4":1,"5":1,"6":1,"7":1,"8":1,"9":1,"10":1},"f":{"0":1},"b":{}}
,"D:\\Programacion\\E-commerce\\server\\src\\controllers\\auth.controller.ts": {"path":"D:\\Programacion\\E-commerce\\server\\src\\controllers\\auth.controller.ts","statementMap":{"0":{"start":{"line":2,"column":12},"end":{"line":2,"column":35}},"1":{"start":{"line":3,"column":15},"end":{"line":3,"column":34}},"2":{"start":{"line":5,"column":0},"end":{"line":5,"column":43}},"3":{"start":{"line":7,"column":14},"end":{"line":20,"column":2}},"4":{"start":{"line":7,"column":52},"end":{"line":20,"column":2}},"5":{"start":{"line":8,"column":15},"end":{"line":14,"column":null}},"6":{"start":{"line":17,"column":19},"end":{"line":17,"column":41}},"7":{"start":{"line":19,"column":2},"end":{"line":19,"column":33}},"8":{"start":{"line":37,"column":9},"end":{"line":37,"column":14}},"9":{"start":{"line":22,"column":17},"end":{"line":35,"column":2}},"10":{"start":{"line":22,"column":55},"end":{"line":35,"column":2}},"11":{"start":{"line":23,"column":15},"end":{"line":29,"column":null}},"12":{"start":{"line":32,"column":19},"end":{"line":32,"column":44}},"13":{"start":{"line":34,"column":2},"end":{"line":34,"column":33}},"14":{"start":{"line":37,"column":16},"end":{"line":37,"column":24}}},"fnMap":{"0":{"name":"(anonymous_7)","decl":{"start":{"line":7,"column":14},"end":{"line":7,"column":21}},"loc":{"start":{"line":7,"column":52},"end":{"line":20,"column":2}}},"1":{"name":"(anonymous_8)","decl":{"start":{"line":7,"column":52},"end":{"line":7,"column":null}},"loc":{"start":{"line":7,"column":52},"end":{"line":20,"column":1}}},"2":{"name":"(anonymous_9)","decl":{"start":{"line":22,"column":17},"end":{"line":22,"column":24}},"loc":{"start":{"line":22,"column":55},"end":{"line":35,"column":2}}},"3":{"name":"(anonymous_10)","decl":{"start":{"line":22,"column":55},"end":{"line":22,"column":null}},"loc":{"start":{"line":22,"column":55},"end":{"line":35,"column":1}}}},"branchMap":{},"s":{"0":1,"1":1,"2":1,"3":1,"4":3,"5":3,"6":3,"7":3,"8":1,"9":1,"10":2,"11":2,"12":2,"13":2,"14":1},"f":{"0":3,"1":3,"2":2,"3":2},"b":{}}
,"D:\\Programacion\\E-commerce\\server\\src\\models\\userModel.ts": {"path":"D:\\Programacion\\E-commerce\\server\\src\\models\\userModel.ts","statementMap":{"0":{"start":{"line":1,"column":0},"end":{"line":1,"column":59}},"1":{"start":{"line":20,"column":4},"end":{"line":20,"column":21}},"2":{"start":{"line":21,"column":4},"end":{"line":21,"column":21}},"3":{"start":{"line":22,"column":4},"end":{"line":22,"column":29}},"4":{"start":{"line":23,"column":4},"end":{"line":23,"column":25}},"5":{"start":{"line":24,"column":4},"end":{"line":24,"column":27}},"6":{"start":{"line":25,"column":4},"end":{"line":25,"column":21}},"7":{"start":{"line":29,"column":21},"end":{"line":29,"column":40}},"8":{"start":{"line":30,"column":4},"end":{"line":30,"column":20}},"9":{"start":{"line":34,"column":21},"end":{"line":34,"column":37}},"10":{"start":{"line":35,"column":4},"end":{"line":35,"column":20}},"11":{"start":{"line":38,"column":9},"end":{"line":38,"column":13}}},"fnMap":{"0":{"name":"(anonymous_7)","decl":{"start":{"line":12,"column":2},"end":{"line":12,"column":null}},"loc":{"start":{"line":18,"column":16},"end":{"line":26,"column":3}}},"1":{"name":"(anonymous_8)","decl":{"start":{"line":28,"column":8},"end":{"line":28,"column":13}},"loc":{"start":{"line":28,"column":25},"end":{"line":31,"column":null}}},"2":{"name":"(anonymous_10)","decl":{"start":{"line":33,"column":2},"end":{"line":33,"column":10}},"loc":{"start":{"line":33,"column":22},"end":{"line":36,"column":3}}}},"branchMap":{},"s":{"0":1,"1":5,"2":5,"3":5,"4":5,"5":5,"6":5,"7":3,"8":3,"9":2,"10":2,"11":1},"f":{"0":5,"1":3,"2":2},"b":{}}
,"D:\\Programacion\\E-commerce\\server\\src\\repositories\\user.ts": {"path":"D:\\Programacion\\E-commerce\\server\\src\\repositories\\user.ts","statementMap":{"0":{"start":{"line":1,"column":15},"end":{"line":1,"column":34}},"1":{"start":{"line":2,"column":12},"end":{"line":2,"column":35}},"2":{"start":{"line":3,"column":0},"end":{"line":3,"column":46}},"3":{"start":{"line":4,"column":0},"end":{"line":4,"column":28}},"4":{"start":{"line":6,"column":0},"end":{"line":6,"column":16}},"5":{"start":{"line":17,"column":15},"end":{"line":17,"column":33}},"6":{"start":{"line":19,"column":23},"end":{"line":60,"column":2}},"7":{"start":{"line":19,"column":49},"end":{"line":60,"column":2}},"8":{"start":{"line":20,"column":2},"end":{"line":20,"column":26}},"9":{"start":{"line":22,"column":2},"end":{"line":59,"column":null}},"10":{"start":{"line":23,"column":17},"end":{"line":27,"column":6}},"11":{"start":{"line":28,"column":4},"end":{"line":30,"column":null}},"12":{"start":{"line":29,"column":6},"end":{"line":29,"column":40}},"13":{"start":{"line":31,"column":28},"end":{"line":33,"column":null}},"14":{"start":{"line":36,"column":4},"end":{"line":38,"column":null}},"15":{"start":{"line":37,"column":6},"end":{"line":37,"column":43}},"16":{"start":{"line":39,"column":18},"end":{"line":44,"column":null}},"17":{"start":{"line":47,"column":4},"end":{"line":56,"column":6}},"18":{"start":{"line":58,"column":4},"end":{"line":58,"column":57}},"19":{"start":{"line":19,"column":13},"end":{"line":19,"column":23}},"20":{"start":{"line":62,"column":26},"end":{"line":94,"column":2}},"21":{"start":{"line":62,"column":52},"end":{"line":94,"column":2}},"22":{"start":{"line":63,"column":2},"end":{"line":63,"column":26}},"23":{"start":{"line":65,"column":2},"end":{"line":93,"column":null}},"24":{"start":{"line":66,"column":26},"end":{"line":70,"column":6}},"25":{"start":{"line":72,"column":4},"end":{"line":90,"column":null}},"26":{"start":{"line":73,"column":6},"end":{"line":73,"column":51}},"27":{"start":{"line":75,"column":19},"end":{"line":85,"column":8}},"28":{"start":{"line":87,"column":6},"end":{"line":89,"column":null}},"29":{"start":{"line":88,"column":8},"end":{"line":88,"column":47}},"30":{"start":{"line":92,"column":4},"end":{"line":92,"column":38}},"31":{"start":{"line":62,"column":13},"end":{"line":62,"column":26}}},"fnMap":{"0":{"name":"(anonymous_8)","decl":{"start":{"line":19,"column":23},"end":{"line":19,"column":30}},"loc":{"start":{"line":19,"column":49},"end":{"line":60,"column":2}}},"1":{"name":"(anonymous_9)","decl":{"start":{"line":19,"column":49},"end":{"line":19,"column":null}},"loc":{"start":{"line":19,"column":49},"end":{"line":60,"column":1}}},"2":{"name":"(anonymous_10)","decl":{"start":{"line":62,"column":26},"end":{"line":62,"column":33}},"loc":{"start":{"line":62,"column":52},"end":{"line":94,"column":2}}},"3":{"name":"(anonymous_11)","decl":{"start":{"line":62,"column":52},"end":{"line":62,"column":null}},"loc":{"start":{"line":62,"column":52},"end":{"line":94,"column":1}}}},"branchMap":{"0":{"loc":{"start":{"line":28,"column":4},"end":{"line":30,"column":null}},"type":"if","locations":[{"start":{"line":28,"column":4},"end":{"line":30,"column":null}}]},"1":{"loc":{"start":{"line":36,"column":4},"end":{"line":38,"column":null}},"type":"if","locations":[{"start":{"line":36,"column":4},"end":{"line":38,"column":null}}]},"2":{"loc":{"start":{"line":72,"column":4},"end":{"line":90,"column":null}},"type":"if","locations":[{"start":{"line":72,"column":4},"end":{"line":90,"column":null}},{"start":{"line":74,"column":11},"end":{"line":90,"column":null}}]},"3":{"loc":{"start":{"line":87,"column":6},"end":{"line":89,"column":null}},"type":"if","locations":[{"start":{"line":87,"column":6},"end":{"line":89,"column":null}}]}},"s":{"0":1,"1":1,"2":1,"3":1,"4":1,"5":1,"6":1,"7":3,"8":3,"9":3,"10":3,"11":3,"12":1,"13":2,"14":2,"15":1,"16":1,"17":1,"18":2,"19":1,"20":1,"21":2,"22":2,"23":2,"24":2,"25":2,"26":1,"27":1,"28":1,"29":1,"30":1,"31":1},"f":{"0":3,"1":3,"2":2,"3":2},"b":{"0":[1],"1":[1],"2":[1,1],"3":[1]}}
,"D:\\Programacion\\E-commerce\\server\\src\\routes\\login.ts": {"path":"D:\\Programacion\\E-commerce\\server\\src\\routes\\login.ts","statementMap":{"0":{"start":{"line":1,"column":0},"end":{"line":1,"column":30}},"1":{"start":{"line":3,"column":0},"end":{"line":3,"column":65}},"2":{"start":{"line":5,"column":15},"end":{"line":5,"column":31}},"3":{"start":{"line":7,"column":0},"end":{"line":7,"column":29}},"4":{"start":{"line":9,"column":0},"end":{"line":9,"column":35}},"5":{"start":{"line":11,"column":0},"end":{"line":11,"column":22}}},"fnMap":{},"branchMap":{},"s":{"0":1,"1":1,"2":1,"3":1,"4":1,"5":1},"f":{},"b":{}}
}
