TN:
SF:src\tests\context.ts
FN:12,(anonymous_0)
FNF:1
FNH:1
FNDA:13,(anonymous_0)
DA:2,2
DA:12,2
DA:13,13
LF:3
LH:3
BRF:0
BRH:0
end_of_record
TN:
SF:src\tests\product-functions.ts
FN:14,(anonymous_7)
FN:18,(anonymous_8)
FN:43,(anonymous_9)
FN:43,(anonymous_10)
FN:70,(anonymous_11)
FN:70,(anonymous_12)
FN:104,(anonymous_13)
FN:104,(anonymous_14)
FNF:8
FNH:8
FNDA:2,(anonymous_7)
FNDA:2,(anonymous_8)
FNDA:2,(anonymous_9)
FNDA:2,(anonymous_10)
FNDA:2,(anonymous_11)
FNDA:2,(anonymous_12)
FNDA:2,(anonymous_13)
FNDA:2,(anonymous_14)
DA:14,1
DA:18,2
DA:19,2
DA:20,1
DA:32,1
DA:34,1
DA:43,2
DA:44,2
DA:45,2
DA:49,1
DA:50,0
DA:53,1
DA:57,1
DA:70,2
DA:71,2
DA:72,2
DA:83,1
DA:84,0
DA:87,1
DA:91,1
DA:104,2
DA:105,2
DA:106,2
DA:112,1
DA:113,0
DA:116,1
DA:120,1
LF:27
LH:24
BRDA:19,0,0,1
BRDA:19,0,1,1
BRDA:49,1,0,0
BRDA:83,2,0,0
BRDA:112,3,0,0
BRF:5
BRH:2
end_of_record
TN:
SF:src\tests\user-functions.ts
FN:16,createUser
FN:45,getUser
FNF:2
FNH:2
FNDA:2,createUser
FNDA:3,getUser
DA:2,1
DA:3,1
DA:4,1
DA:5,1
DA:16,1
DA:21,2
DA:22,1
DA:34,1
DA:36,1
DA:45,1
DA:46,3
DA:47,3
DA:51,1
DA:52,0
DA:55,1
DA:57,1
DA:59,1
DA:60,0
DA:63,1
DA:71,1
DA:82,2
LF:21
LH:19
BRDA:21,0,0,1
BRDA:21,0,1,1
BRDA:51,1,0,0
BRDA:59,2,0,0
BRF:4
BRH:2
end_of_record
