TN:
SF:index.ts
FN:16,(anonymous_1)
FNF:1
FNH:1
FNDA:1,(anonymous_1)
DA:2,1
DA:3,1
DA:5,1
DA:7,1
DA:9,1
DA:11,1
DA:12,1
DA:14,1
DA:16,1
DA:17,1
DA:20,1
LF:11
LH:11
BRF:0
BRH:0
end_of_record
TN:
SF:src\controllers\auth.controller.ts
FN:7,(anonymous_7)
FN:7,(anonymous_8)
FN:22,(anonymous_9)
FN:22,(anonymous_10)
FNF:4
FNH:4
FNDA:3,(anonymous_7)
FNDA:3,(anonymous_8)
FNDA:2,(anonymous_9)
FNDA:2,(anonymous_10)
DA:2,1
DA:3,1
DA:5,1
DA:7,3
DA:8,3
DA:17,3
DA:19,3
DA:22,2
DA:23,2
DA:32,2
DA:34,2
DA:37,1
LF:12
LH:12
BRF:0
BRH:0
end_of_record
TN:
SF:src\models\userModel.ts
FN:12,(anonymous_7)
FN:28,(anonymous_8)
FN:33,(anonymous_10)
FNF:3
FNH:3
FNDA:5,(anonymous_7)
FNDA:3,(anonymous_8)
FNDA:2,(anonymous_10)
DA:1,1
DA:20,5
DA:21,5
DA:22,5
DA:23,5
DA:24,5
DA:25,5
DA:29,3
DA:30,3
DA:34,2
DA:35,2
DA:38,1
LF:12
LH:12
BRF:0
BRH:0
end_of_record
TN:
SF:src\repositories\user.ts
FN:19,(anonymous_8)
FN:19,(anonymous_9)
FN:62,(anonymous_10)
FN:62,(anonymous_11)
FNF:4
FNH:4
FNDA:3,(anonymous_8)
FNDA:3,(anonymous_9)
FNDA:2,(anonymous_10)
FNDA:2,(anonymous_11)
DA:1,1
DA:2,1
DA:3,1
DA:4,1
DA:6,1
DA:17,1
DA:19,3
DA:20,3
DA:22,3
DA:23,3
DA:28,3
DA:29,1
DA:31,2
DA:36,2
DA:37,1
DA:39,1
DA:47,1
DA:58,2
DA:62,2
DA:63,2
DA:65,2
DA:66,2
DA:72,2
DA:73,1
DA:75,1
DA:87,1
DA:88,1
DA:92,1
LF:28
LH:28
BRDA:28,0,0,1
BRDA:36,1,0,1
BRDA:72,2,0,1
BRDA:72,2,1,1
BRDA:87,3,0,1
BRF:5
BRH:5
end_of_record
TN:
SF:src\routes\login.ts
FNF:0
FNH:0
DA:1,1
DA:3,1
DA:5,1
DA:7,1
DA:9,1
DA:11,1
LF:6
LH:6
BRF:0
BRH:0
end_of_record
